Arguments: 
  C:\Program Files\nodejs\node.exe C:\Users\raulg\AppData\Roaming\npm\node_modules\yarn\bin\yarn.js init -Y

PATH: 
  C:\Python39\Scripts\;C:\Python39\;C:\Python27\;C:\Python27\Scripts;C:\WINDOWS\system32;C:\WINDOWS;C:\WINDOWS\System32\Wbem;C:\WINDOWS\System32\WindowsPowerShell\v1.0\;C:\WINDOWS\System32\OpenSSH\;C:\ProgramData\chocolatey\bin;C:\Program Files (x86)\NVIDIA Corporation\PhysX\Common;C:\Program Files\NVIDIA Corporation\NVIDIA NvDLISR;C:\Program Files\Git\cmd;C:\Program Files\OpenJDK\openjdk-8u262-b10\bin;C:\Program Files\OpenJDK\openjdk-8u262-b10\bin;C:\Users\raulg\AppData\Local\Android\Sdk\tools;%ANDROID_HOME5\platform-tools;%ANDROID_HOME5\tools\bin;;C:\Program Files\nodejs\;C:\Program Files\Docker\Docker\resources\bin;C:\ProgramData\DockerDesktop\version-bin;C:\Program Files\MySQL\MySQL Server 8.0\bin;C:\Program Files\MySQL\MySQL Shell 8.0\bin\;C:\Users\raulg\AppData\Local\Microsoft\WindowsApps;C:\Users\raulg\AppData\Local\GitHubDesktop\bin;C:\Users\raulg\AppData\Local\Programs\Microsoft VS Code\bin;C:\php74;C:\php8;C:\php;C:\php56;C:\php54;C:\Users\raulg\AppData\Local\ComposerSetup\bin;C:\Users\raulg\AppData\Roaming\Composer\vendor\bin;C:\Users\raulg\AppData\Local\Android\Sdk;C:\Users\raulg\AppData\Local\Android\Sdk\tools;C:\Users\raulg\AppData\Local\Android\Sdk\tools\bin;C:\Users\raulg\AppData\Local\Android\Sdk\platform-tools;C:\Users\raulg\AppData\Roaming\npm;

Yarn version: 
  1.22.10

Node version: 
  15.4.0

Platform: 
  win32 x64

Trace: 
  Error: canceled
      at Interface.<anonymous> (C:\Users\raulg\AppData\Roaming\npm\node_modules\yarn\lib\cli.js:136216:13)
      at Interface.emit (node:events:376:20)
      at Interface._ttyWrite (node:readline:909:16)
      at ReadStream.onkeypress (node:readline:234:10)
      at ReadStream.emit (node:events:376:20)
      at emitKeys (node:internal/readline/utils:358:14)
      at emitKeys.next (<anonymous>)
      at ReadStream.onData (node:readline:1178:36)
      at ReadStream.emit (node:events:376:20)
      at addChunk (node:internal/streams/readable:305:12)

npm manifest: 
  No manifest

yarn manifest: 
  No manifest

Lockfile: 
  No lockfile
